CRITICAL - 2023-12-22 13:24:40 --> Invalid file: "adminview/tambahdatapeminjamview.php"
in SYSTEMPATH\Exceptions\FrameworkException.php on line 39.
 1 SYSTEMPATH\View\View.php(216): CodeIgniter\Exceptions\FrameworkException::forInvalidFile('adminview/tambahdatapeminjamview.php')
 2 SYSTEMPATH\Common.php(1190): CodeIgniter\View\View->render('adminview/tambahdatapeminjamview', [], true)
 3 APPPATH\Controllers\AdminController.php(29): view('adminview/tambahdatapeminjamview')
 4 SYSTEMPATH\CodeIgniter.php(942): App\Controllers\AdminController->tambahpeminjam()
 5 SYSTEMPATH\CodeIgniter.php(502): CodeIgniter\CodeIgniter->runController(Object(App\Controllers\AdminController))
 6 SYSTEMPATH\CodeIgniter.php(361): CodeIgniter\CodeIgniter->handleRequest(null, Object(Config\Cache), false)
 7 FCPATH\index.php(79): CodeIgniter\CodeIgniter->run()
 8 SYSTEMPATH\Commands\Server\rewrite.php(47): require_once('D:\\stimik\\pemweb 2\\project-uas-0080\\public\\index.php')
CRITICAL - 2023-12-22 14:16:32 --> Undefined variable $user_name
in APPPATH\Views\adminview\mainview.php on line 53.
 1 APPPATH\Views\adminview\mainview.php(53): CodeIgniter\Debug\Exceptions->errorHandler(2, 'Undefined variable $user_name', 'D:\\stimik\\pemweb 2\\project-uas-0080\\app\\Views\\adminview\\mainview.php', 53)
 2 SYSTEMPATH\View\View.php(228): include('D:\\stimik\\pemweb 2\\project-uas-0080\\app\\Views\\adminview\\mainview.php')
 3 SYSTEMPATH\View\View.php(231): CodeIgniter\View\View->CodeIgniter\View\{closure}()
 4 SYSTEMPATH\View\View.php(244): CodeIgniter\View\View->render('adminview/mainview', [], true)
 5 SYSTEMPATH\Common.php(1190): CodeIgniter\View\View->render('adminview/databukuview', [], true)
 6 APPPATH\Controllers\AdminController.php(18): view('adminview/databukuview')
 7 SYSTEMPATH\CodeIgniter.php(942): App\Controllers\AdminController->databuku()
 8 SYSTEMPATH\CodeIgniter.php(502): CodeIgniter\CodeIgniter->runController(Object(App\Controllers\AdminController))
 9 SYSTEMPATH\CodeIgniter.php(361): CodeIgniter\CodeIgniter->handleRequest(null, Object(Config\Cache), false)
10 FCPATH\index.php(79): CodeIgniter\CodeIgniter->run()
11 SYSTEMPATH\Commands\Server\rewrite.php(47): require_once('D:\\stimik\\pemweb 2\\project-uas-0080\\public\\index.php')
