CRITICAL - 2023-12-21 13:09:01 --> Invalid file: "adminview/home.php"
in SYSTEMPATH\Exceptions\FrameworkException.php on line 39.
 1 SYSTEMPATH\View\View.php(216): CodeIgniter\Exceptions\FrameworkException::forInvalidFile('adminview/home.php')
 2 SYSTEMPATH\Common.php(1190): CodeIgniter\View\View->render('adminview/home', [], true)
 3 APPPATH\Controllers\AdminController.php(11): view('adminview/home')
 4 SYSTEMPATH\CodeIgniter.php(942): App\Controllers\AdminController->index()
 5 SYSTEMPATH\CodeIgniter.php(502): CodeIgniter\CodeIgniter->runController(Object(App\Controllers\AdminController))
 6 SYSTEMPATH\CodeIgniter.php(361): CodeIgniter\CodeIgniter->handleRequest(null, Object(Config\Cache), false)
 7 FCPATH\index.php(79): CodeIgniter\CodeIgniter->run()
 8 SYSTEMPATH\Commands\Server\rewrite.php(47): require_once('D:\\stimik\\pemweb 2\\project-uas-0080\\public\\index.php')
CRITICAL - 2023-12-21 13:09:36 --> Invalid file: "main/layout.php"
in SYSTEMPATH\Exceptions\FrameworkException.php on line 39.
 1 SYSTEMPATH\View\View.php(216): CodeIgniter\Exceptions\FrameworkException::forInvalidFile('main/layout.php')
 2 SYSTEMPATH\View\View.php(244): CodeIgniter\View\View->render('main/layout', [], true)
 3 SYSTEMPATH\Common.php(1190): CodeIgniter\View\View->render('adminview/homeview', [], true)
 4 APPPATH\Controllers\AdminController.php(11): view('adminview/homeview')
 5 SYSTEMPATH\CodeIgniter.php(942): App\Controllers\AdminController->index()
 6 SYSTEMPATH\CodeIgniter.php(502): CodeIgniter\CodeIgniter->runController(Object(App\Controllers\AdminController))
 7 SYSTEMPATH\CodeIgniter.php(361): CodeIgniter\CodeIgniter->handleRequest(null, Object(Config\Cache), false)
 8 FCPATH\index.php(79): CodeIgniter\CodeIgniter->run()
 9 SYSTEMPATH\Commands\Server\rewrite.php(47): require_once('D:\\stimik\\pemweb 2\\project-uas-0080\\public\\index.php')
CRITICAL - 2023-12-21 17:14:11 --> Undefined variable $row
in APPPATH\Views\adminview\databukuview.php on line 65.
 1 APPPATH\Views\adminview\databukuview.php(65): CodeIgniter\Debug\Exceptions->errorHandler(2, 'Undefined variable $row', 'D:\\stimik\\pemweb 2\\project-uas-0080\\app\\Views\\adminview\\databukuview.php', 65)
 2 SYSTEMPATH\View\View.php(228): include('D:\\stimik\\pemweb 2\\project-uas-0080\\app\\Views\\adminview\\databukuview.php')
 3 SYSTEMPATH\View\View.php(231): CodeIgniter\View\View->CodeIgniter\View\{closure}()
 4 SYSTEMPATH\Common.php(1190): CodeIgniter\View\View->render('adminview/databukuview', [], true)
 5 APPPATH\Controllers\AdminController.php(18): view('adminview/databukuview')
 6 SYSTEMPATH\CodeIgniter.php(942): App\Controllers\AdminController->databuku()
 7 SYSTEMPATH\CodeIgniter.php(502): CodeIgniter\CodeIgniter->runController(Object(App\Controllers\AdminController))
 8 SYSTEMPATH\CodeIgniter.php(361): CodeIgniter\CodeIgniter->handleRequest(null, Object(Config\Cache), false)
 9 FCPATH\index.php(79): CodeIgniter\CodeIgniter->run()
10 SYSTEMPATH\Commands\Server\rewrite.php(47): require_once('D:\\stimik\\pemweb 2\\project-uas-0080\\public\\index.php')
